This is pdfTeX, Version 3.1415926-2.3-1.40.12 (MiKTeX 2.9) (preloaded format=pdflatex 2012.1.7)  23 APR 2012 00:51
entering extended mode
**C:/Users/wenqi/Documents/Work/AV/AV-Coursework-3/AV-Coursework2/Report/report
.tex

(C:/Users/wenqi/Documents/Work/AV/AV-Coursework-3/AV-Coursework2/Report/report.
tex
LaTeX2e <2011/06/27>
Babel <v3.8m> and hyphenation patterns for english, afrikaans, ancientgreek, ar
abic, armenian, assamese, basque, bengali, bokmal, bulgarian, catalan, coptic, 
croatian, czech, danish, dutch, esperanto, estonian, farsi, finnish, french, ga
lician, german, german-x-2009-06-19, greek, gujarati, hindi, hungarian, iceland
ic, indonesian, interlingua, irish, italian, kannada, kurmanji, lao, latin, lat
vian, lithuanian, malayalam, marathi, mongolian, mongolianlmc, monogreek, ngerm
an, ngerman-x-2009-06-19, nynorsk, oriya, panjabi, pinyin, polish, portuguese, 
romanian, russian, sanskrit, serbian, slovak, slovenian, spanish, swedish, swis
sgerman, tamil, telugu, turkish, turkmen, ukenglish, ukrainian, uppersorbian, u
senglishmax, welsh, loaded.
("C:\Program Files (x86)\MiKTeX 2.9\tex\latex\base\article.cls"
Document Class: article 2007/10/19 v1.4h Standard LaTeX document class
("C:\Program Files (x86)\MiKTeX 2.9\tex\latex\base\size11.clo"
File: size11.clo 2007/10/19 v1.4h Standard LaTeX file (size option)
)
\c@part=\count79
\c@section=\count80
\c@subsection=\count81
\c@subsubsection=\count82
\c@paragraph=\count83
\c@subparagraph=\count84
\c@figure=\count85
\c@table=\count86
\abovecaptionskip=\skip41
\belowcaptionskip=\skip42
\bibindent=\dimen102
)
("C:\Program Files (x86)\MiKTeX 2.9\tex\latex\wrapfig\wrapfig.sty"
\wrapoverhang=\dimen103
\WF@size=\dimen104
\c@WF@wrappedlines=\count87
\WF@box=\box26
\WF@everypar=\toks14
Package: wrapfig 2003/01/31  v 3.6
)
("C:\Program Files (x86)\MiKTeX 2.9\tex\latex\subfig\subfig.sty"
Package: subfig 2005/06/28 ver: 1.3 subfig package

("C:\Program Files (x86)\MiKTeX 2.9\tex\latex\graphics\keyval.sty"
Package: keyval 1999/03/16 v1.13 key=value parser (DPC)
\KV@toks@=\toks15
)
("C:\Program Files (x86)\MiKTeX 2.9\tex\latex\caption\caption.sty"
Package: caption 2011/11/10 v3.2e Customizing captions (AR)

("C:\Program Files (x86)\MiKTeX 2.9\tex\latex\caption\caption3.sty"
Package: caption3 2011/11/01 v1.4a caption3 kernel (AR)
\captionmargin=\dimen105
\captionmargin@=\dimen106
\captionwidth=\dimen107
\caption@indent=\dimen108
\caption@parindent=\dimen109
\caption@hangindent=\dimen110
)
\c@ContinuedFloat=\count88
Package caption Info: wrapfig package is loaded.
)
\c@KVtest=\count89
\sf@farskip=\skip43
\sf@captopadj=\dimen111
\sf@capskip=\skip44
\sf@nearskip=\skip45
\c@subfigure=\count90
\c@subfigure@save=\count91
\c@lofdepth=\count92
\c@subtable=\count93
\c@subtable@save=\count94
\c@lotdepth=\count95
\sf@top=\skip46
\sf@bottom=\skip47
)
("C:\Program Files (x86)\MiKTeX 2.9\tex\latex\graphics\graphicx.sty"
Package: graphicx 1999/02/16 v1.0f Enhanced LaTeX Graphics (DPC,SPQR)

("C:\Program Files (x86)\MiKTeX 2.9\tex\latex\graphics\graphics.sty"
Package: graphics 2009/02/05 v1.0o Standard LaTeX Graphics (DPC,SPQR)

("C:\Program Files (x86)\MiKTeX 2.9\tex\latex\graphics\trig.sty"
Package: trig 1999/03/16 v1.09 sin cos tan (DPC)
)
("C:\Program Files (x86)\MiKTeX 2.9\tex\latex\00miktex\graphics.cfg"
File: graphics.cfg 2007/01/18 v1.5 graphics configuration of teTeX/TeXLive
)
Package graphics Info: Driver file: pdftex.def on input line 91.

("C:\Program Files (x86)\MiKTeX 2.9\tex\latex\pdftex-def\pdftex.def"
File: pdftex.def 2011/05/27 v0.06d Graphics/color for pdfTeX

("C:\Program Files (x86)\MiKTeX 2.9\tex\generic\oberdiek\infwarerr.sty"
Package: infwarerr 2010/04/08 v1.3 Providing info/warning/message (HO)
)
("C:\Program Files (x86)\MiKTeX 2.9\tex\generic\oberdiek\ltxcmds.sty"
Package: ltxcmds 2011/04/18 v1.20 LaTeX kernel commands for general use (HO)
)
\Gread@gobject=\count96
))
\Gin@req@height=\dimen112
\Gin@req@width=\dimen113
)
("C:\Program Files (x86)\MiKTeX 2.9\tex\latex\hyperref\hyperref.sty"
Package: hyperref 2011/08/19 v6.82h Hypertext links for LaTeX

("C:\Program Files (x86)\MiKTeX 2.9\tex\generic\oberdiek\hobsub-hyperref.sty"
Package: hobsub-hyperref 2011/04/23 v1.4 Bundle oberdiek, subset hyperref (HO)

("C:\Program Files (x86)\MiKTeX 2.9\tex\generic\oberdiek\hobsub-generic.sty"
Package: hobsub-generic 2011/04/23 v1.4 Bundle oberdiek, subset generic (HO)
Package: hobsub 2011/04/23 v1.4 Subsetting bundle oberdiek (HO)
Package hobsub Info: Skipping package `infwarerr' (already loaded).
Package hobsub Info: Skipping package `ltxcmds' (already loaded).
Package: ifluatex 2010/03/01 v1.3 Provides the ifluatex switch (HO)
Package ifluatex Info: LuaTeX not detected.
Package: ifvtex 2010/03/01 v1.5 Switches for detecting VTeX and its modes (HO)
Package ifvtex Info: VTeX not detected.
Package: intcalc 2007/09/27 v1.1 Expandable integer calculations (HO)
Package: ifpdf 2011/01/30 v2.3 Provides the ifpdf switch (HO)
Package ifpdf Info: pdfTeX in PDF mode is detected.
Package: etexcmds 2011/02/16 v1.5 Prefix for e-TeX command names (HO)
Package etexcmds Info: Could not find \expanded.
(etexcmds)             That can mean that you are not using pdfTeX 1.50 or
(etexcmds)             that some package has redefined \expanded.
(etexcmds)             In the latter case, load this package earlier.
Package: kvsetkeys 2011/04/07 v1.13 Key value parser (HO)
Package: kvdefinekeys 2011/04/07 v1.3 Defining keys (HO)
Package: pdftexcmds 2011/04/22 v0.16 Utilities of pdfTeX for LuaTeX (HO)
Package pdftexcmds Info: LuaTeX not detected.
Package pdftexcmds Info: \pdf@primitive is available.
Package pdftexcmds Info: \pdf@ifprimitive is available.
Package pdftexcmds Info: \pdfdraftmode found.
Package: pdfescape 2011/04/04 v1.12 Provides string conversions (HO)
Package: bigintcalc 2011/01/30 v1.2 Expandable big integer calculations (HO)
Package: bitset 2011/01/30 v1.1 Data type bit set (HO)
Package: uniquecounter 2011/01/30 v1.2 Provides unlimited unique counter (HO)
)
Package hobsub Info: Skipping package `hobsub' (already loaded).
Package: letltxmacro 2010/09/02 v1.4 Let assignment for LaTeX macros (HO)
Package: hopatch 2011/01/30 v1.0 Wrapper for package hooks (HO)
Package: xcolor-patch 2011/01/30 xcolor patch
Package: atveryend 2011/04/23 v1.7 Hooks at very end of document (HO)
Package: atbegshi 2011/01/30 v1.15 At begin shipout hook (HO)
Package: refcount 2010/12/01 v3.2 Data extraction from references (HO)
Package: hycolor 2011/01/30 v1.7 Color options of hyperref/bookmark (HO)
)
("C:\Program Files (x86)\MiKTeX 2.9\tex\generic\ifxetex\ifxetex.sty"
Package: ifxetex 2010/09/12 v0.6 Provides ifxetex conditional
)
("C:\Program Files (x86)\MiKTeX 2.9\tex\latex\oberdiek\kvoptions.sty"
Package: kvoptions 2010/12/23 v3.10 Keyval support for LaTeX options (HO)
)
\@linkdim=\dimen114
\Hy@linkcounter=\count97
\Hy@pagecounter=\count98

("C:\Program Files (x86)\MiKTeX 2.9\tex\latex\hyperref\pd1enc.def"
File: pd1enc.def 2011/08/19 v6.82h Hyperref: PDFDocEncoding definition (HO)
)
\Hy@SavedSpaceFactor=\count99

("C:\Program Files (x86)\MiKTeX 2.9\tex\latex\00miktex\hyperref.cfg"
File: hyperref.cfg 2002/06/06 v1.2 hyperref configuration of TeXLive
)
Package hyperref Info: Hyper figures OFF on input line 4053.
Package hyperref Info: Link nesting OFF on input line 4058.
Package hyperref Info: Hyper index ON on input line 4061.
Package hyperref Info: Plain pages OFF on input line 4068.
Package hyperref Info: Backreferencing OFF on input line 4073.
Package hyperref Info: Implicit mode ON; LaTeX internals redefined.
Package hyperref Info: Bookmarks ON on input line 4291.
\c@Hy@tempcnt=\count100

("C:\Program Files (x86)\MiKTeX 2.9\tex\latex\ltxmisc\url.sty"
\Urlmuskip=\muskip10
Package: url 2006/04/12  ver 3.3  Verb mode for urls, etc.
)
LaTeX Info: Redefining \url on input line 4644.
\Fld@menulength=\count101
\Field@Width=\dimen115
\Fld@charsize=\dimen116
Package hyperref Info: Hyper figures OFF on input line 5730.
Package hyperref Info: Link nesting OFF on input line 5735.
Package hyperref Info: Hyper index ON on input line 5738.
Package hyperref Info: backreferencing OFF on input line 5745.
Package hyperref Info: Link coloring OFF on input line 5750.
Package hyperref Info: Link coloring with OCG OFF on input line 5755.
Package hyperref Info: PDF/A mode OFF on input line 5760.
LaTeX Info: Redefining \ref on input line 5800.
LaTeX Info: Redefining \pageref on input line 5804.
\Hy@abspage=\count102
\c@Item=\count103
\c@Hfootnote=\count104
)

Package hyperref Message: Driver (autodetected): hpdftex.

("C:\Program Files (x86)\MiKTeX 2.9\tex\latex\hyperref\hpdftex.def"
File: hpdftex.def 2011/08/19 v6.82h Hyperref driver for pdfTeX
\Fld@listcount=\count105
\c@bookmark@seq@number=\count106

("C:\Program Files (x86)\MiKTeX 2.9\tex\latex\oberdiek\rerunfilecheck.sty"
Package: rerunfilecheck 2011/04/15 v1.7 Rerun checks for auxiliary files (HO)
Package uniquecounter Info: New unique counter `rerunfilecheck' on input line 2
82.
)
\Hy@SectionHShift=\skip48
)
("C:\Program Files (x86)\MiKTeX 2.9\tex\latex\ams\math\amsmath.sty"
Package: amsmath 2000/07/18 v2.13 AMS math features
\@mathmargin=\skip49

For additional information on amsmath, use the `?' option.
("C:\Program Files (x86)\MiKTeX 2.9\tex\latex\ams\math\amstext.sty"
Package: amstext 2000/06/29 v2.01

("C:\Program Files (x86)\MiKTeX 2.9\tex\latex\ams\math\amsgen.sty"
File: amsgen.sty 1999/11/30 v2.0
\@emptytoks=\toks16
\ex@=\dimen117
))
("C:\Program Files (x86)\MiKTeX 2.9\tex\latex\ams\math\amsbsy.sty"
Package: amsbsy 1999/11/29 v1.2d
\pmbraise@=\dimen118
)
("C:\Program Files (x86)\MiKTeX 2.9\tex\latex\ams\math\amsopn.sty"
Package: amsopn 1999/12/14 v2.01 operator names
)
\inf@bad=\count107
LaTeX Info: Redefining \frac on input line 211.
\uproot@=\count108
\leftroot@=\count109
LaTeX Info: Redefining \overline on input line 307.
\classnum@=\count110
\DOTSCASE@=\count111
LaTeX Info: Redefining \ldots on input line 379.
LaTeX Info: Redefining \dots on input line 382.
LaTeX Info: Redefining \cdots on input line 467.
\Mathstrutbox@=\box27
\strutbox@=\box28
\big@size=\dimen119
LaTeX Font Info:    Redeclaring font encoding OML on input line 567.
LaTeX Font Info:    Redeclaring font encoding OMS on input line 568.
\macc@depth=\count112
\c@MaxMatrixCols=\count113
\dotsspace@=\muskip11
\c@parentequation=\count114
\dspbrk@lvl=\count115
\tag@help=\toks17
\row@=\count116
\column@=\count117
\maxfields@=\count118
\andhelp@=\toks18
\eqnshift@=\dimen120
\alignsep@=\dimen121
\tagshift@=\dimen122
\tagwidth@=\dimen123
\totwidth@=\dimen124
\lineht@=\dimen125
\@envbody=\toks19
\multlinegap=\skip50
\multlinetaggap=\skip51
\mathdisplay@stack=\toks20
LaTeX Info: Redefining \[ on input line 2666.
LaTeX Info: Redefining \] on input line 2667.
)
("C:\Program Files (x86)\MiKTeX 2.9\tex\latex\a4wide\a4wide.sty"
Package: a4wide 1994/08/30

("C:\Program Files (x86)\MiKTeX 2.9\tex\latex\ntgclass\a4.sty"
Package: a4 2004/04/15 v1.2g A4 based page layout
))
("C:\Program Files (x86)\MiKTeX 2.9\tex\latex\multirow\multirow.sty"
\bigstrutjot=\dimen126
)
(C:\Users\wenqi\Documents\Work\AV\AV-Coursework-3\AV-Coursework2\Report\report.
aux)
LaTeX Font Info:    Checking defaults for OML/cmm/m/it on input line 19.
LaTeX Font Info:    ... okay on input line 19.
LaTeX Font Info:    Checking defaults for T1/cmr/m/n on input line 19.
LaTeX Font Info:    ... okay on input line 19.
LaTeX Font Info:    Checking defaults for OT1/cmr/m/n on input line 19.
LaTeX Font Info:    ... okay on input line 19.
LaTeX Font Info:    Checking defaults for OMS/cmsy/m/n on input line 19.
LaTeX Font Info:    ... okay on input line 19.
LaTeX Font Info:    Checking defaults for OMX/cmex/m/n on input line 19.
LaTeX Font Info:    ... okay on input line 19.
LaTeX Font Info:    Checking defaults for U/cmr/m/n on input line 19.
LaTeX Font Info:    ... okay on input line 19.
LaTeX Font Info:    Checking defaults for PD1/pdf/m/n on input line 19.
LaTeX Font Info:    ... okay on input line 19.
Package caption Info: Begin \AtBeginDocument code.
Package caption Info: subfig package v1.3 is loaded.
Package caption Info: hyperref package is loaded.
Package caption Info: End \AtBeginDocument code.
 ("C:\Program Files (x86)\MiKTeX 2.9\tex\context\base\supp-pdf.mkii"
[Loading MPS to PDF converter (version 2006.09.02).]
\scratchcounter=\count119
\scratchdimen=\dimen127
\scratchbox=\box29
\nofMPsegments=\count120
\nofMParguments=\count121
\everyMPshowfont=\toks21
\MPscratchCnt=\count122
\MPscratchDim=\dimen128
\MPnumerator=\count123
\makeMPintoPDFobject=\count124
\everyMPtoPDFconversion=\toks22
)
\AtBeginShipoutBox=\box30
Package hyperref Info: Link coloring OFF on input line 19.
 ("C:\Program Files (x86)\MiKTeX 2.9\tex\latex\hyperref\nameref.sty"
Package: nameref 2010/04/30 v2.40 Cross-referencing by name of section

("C:\Program Files (x86)\MiKTeX 2.9\tex\generic\oberdiek\gettitlestring.sty"
Package: gettitlestring 2010/12/03 v1.4 Cleanup title references (HO)
)
\c@section@level=\count125
)
LaTeX Info: Redefining \ref on input line 19.
LaTeX Info: Redefining \pageref on input line 19.
LaTeX Info: Redefining \nameref on input line 19.

(C:\Users\wenqi\Documents\Work\AV\AV-Coursework-3\AV-Coursework2\Report\report.
out)
(C:\Users\wenqi\Documents\Work\AV\AV-Coursework-3\AV-Coursework2\Report\report.
out)
\@outlinefile=\write3
 <missingbg.png, id=49, 161.10187pt x 99.37125pt>
File: missingbg.png Graphic file (type png)
 <use missingbg.png>
Package pdftex.def Info: missingbg.png used on input line 40.
(pdftex.def)             Requested size: 221.32687pt x 136.52443pt.

<floatingman.png, id=51, 151.3153pt x 100.12407pt>
File: floatingman.png Graphic file (type png)
 <use floatingman.png>
Package pdftex.def Info: floatingman.png used on input line 41.
(pdftex.def)             Requested size: 221.32687pt x 146.45184pt.

Overfull \hbox (4.86667pt too wide) in paragraph at lines 40--42
 [][]  [][] 
 []

<proj1.png, id=57, 481.8pt x 359.84438pt>
File: proj1.png Graphic file (type png)
 <use proj1.png>
Package pdftex.def Info: proj1.png used on input line 52.
(pdftex.def)             Requested size: 154.9315pt x 115.7126pt.

<proj3.png, id=58, 481.8pt x 361.35pt>
File: proj3.png Graphic file (type png)
 <use proj3.png>
Package pdftex.def Info: proj3.png used on input line 53.
(pdftex.def)             Requested size: 154.9315pt x 116.19676pt.

<proj4.png, id=59, 479.54156pt x 362.10281pt>
File: proj4.png Graphic file (type png)
 <use proj4.png>
Package pdftex.def Info: proj4.png used on input line 55.
(pdftex.def)             Requested size: 154.9315pt x 116.98582pt.

<proj5.png, id=60, 483.30562pt x 359.09157pt>
File: proj5.png Graphic file (type png)
 <use proj5.png>
Package pdftex.def Info: proj5.png used on input line 56.
(pdftex.def)             Requested size: 154.9315pt x 115.11438pt.
 [1

{C:/Users/wenqi/AppData/Local/MiKTeX/2.9/pdftex/config/pdftex.map}]

LaTeX Warning: `h' float specifier changed to `ht'.

<notbg1.png, id=74, 481.04718pt x 359.84438pt>
File: notbg1.png Graphic file (type png)
 <use notbg1.png>
Package pdftex.def Info: notbg1.png used on input line 70.
(pdftex.def)             Requested size: 154.9315pt x 115.8938pt.

<notbg3.png, id=75, 481.04718pt x 361.35pt>
File: notbg3.png Graphic file (type png)
 <use notbg3.png>
Package pdftex.def Info: notbg3.png used on input line 71.
(pdftex.def)             Requested size: 154.9315pt x 116.37871pt.

<notbg4.png, id=76, 481.8pt x 361.35pt>
File: notbg4.png Graphic file (type png)
 <use notbg4.png>
Package pdftex.def Info: notbg4.png used on input line 72.
(pdftex.def)             Requested size: 154.9315pt x 116.19676pt.

<notbg5.png, id=77, 482.55281pt x 362.10281pt>
File: notbg5.png Graphic file (type png)
 <use notbg5.png>
Package pdftex.def Info: notbg5.png used on input line 73.
(pdftex.def)             Requested size: 154.9315pt x 116.2565pt.

<plane1.png, id=79, 482.55281pt x 362.10281pt>
File: plane1.png Graphic file (type png)
 <use plane1.png>
Package pdftex.def Info: plane1.png used on input line 88.
(pdftex.def)             Requested size: 154.9315pt x 116.2565pt.

<plane3.png, id=80, 481.04718pt x 362.10281pt>
File: plane3.png Graphic file (type png)
 <use plane3.png>
Package pdftex.def Info: plane3.png used on input line 89.
(pdftex.def)             Requested size: 154.9315pt x 116.62117pt.

<plane4.png, id=81, 481.04718pt x 362.10281pt>
File: plane4.png Graphic file (type png)
 <use plane4.png>
Package pdftex.def Info: plane4.png used on input line 90.
(pdftex.def)             Requested size: 154.9315pt x 116.62117pt.

<plane5.png, id=82, 481.8pt x 361.35pt>
File: plane5.png Graphic file (type png)
 <use plane5.png>
Package pdftex.def Info: plane5.png used on input line 91.
(pdftex.def)             Requested size: 154.9315pt x 116.19676pt.
 [2 <C:/Users/wenqi/Documents/Work/AV/AV-Coursework-3/AV-Coursework2/Report/mis
singbg.png> <C:/Users/wenqi/Documents/Work/AV/AV-Coursework-3/AV-Coursework2/Re
port/floatingman.png>]
<corners.png, id=94, 167.024pt x 151.767pt>
File: corners.png Graphic file (type png)
 <use corners.png>
Package pdftex.def Info: corners.png used on input line 101.
(pdftex.def)             Requested size: 168.21057pt x 152.85039pt.
 [3 <C:/Users/wenqi/Documents/Work/AV/AV-Coursework-3/AV-Coursework2/Report/pro
j1.png> <C:/Users/wenqi/Documents/Work/AV/AV-Coursework-3/AV-Coursework2/Report
/proj3.png> <C:/Users/wenqi/Documents/Work/AV/AV-Coursework-3/AV-Coursework2/Re
port/proj4.png> <C:/Users/wenqi/Documents/Work/AV/AV-Coursework-3/AV-Coursework
2/Report/proj5.png> <C:/Users/wenqi/Documents/Work/AV/AV-Coursework-3/AV-Course
work2/Report/corners.png>] [4 <C:/Users/wenqi/Documents/Work/AV/AV-Coursework-3
/AV-Coursework2/Report/notbg1.png> <C:/Users/wenqi/Documents/Work/AV/AV-Coursew
ork-3/AV-Coursework2/Report/notbg3.png> <C:/Users/wenqi/Documents/Work/AV/AV-Co
ursework-3/AV-Coursework2/Report/notbg4.png> <C:/Users/wenqi/Documents/Work/AV/
AV-Coursework-3/AV-Coursework2/Report/notbg5.png> <C:/Users/wenqi/Documents/Wor
k/AV/AV-Coursework-3/AV-Coursework2/Report/plane1.png> <C:/Users/wenqi/Document
s/Work/AV/AV-Coursework-3/AV-Coursework2/Report/plane3.png> <C:/Users/wenqi/Doc
uments/Work/AV/AV-Coursework-3/AV-Coursework2/Report/plane4.png> <C:/Users/wenq
i/Documents/Work/AV/AV-Coursework-3/AV-Coursework2/Report/plane5.png>]
<fail0.png, id=130, 122.70844pt x 111.41624pt>
File: fail0.png Graphic file (type png)
 <use fail0.png>
Package pdftex.def Info: fail0.png used on input line 118.
(pdftex.def)             Requested size: 110.66344pt x 100.48279pt.

<fail1.png, id=131, 122.70844pt x 111.41624pt>
File: fail1.png Graphic file (type png)
 <use fail1.png>
Package pdftex.def Info: fail1.png used on input line 119.
(pdftex.def)             Requested size: 110.66344pt x 100.48279pt.

<fail2.png, id=132, 122.70844pt x 111.41624pt>
File: fail2.png Graphic file (type png)
 <use fail2.png>
Package pdftex.def Info: fail2.png used on input line 120.
(pdftex.def)             Requested size: 110.66344pt x 100.48279pt.

<fail3.png, id=133, 122.70844pt x 110.66344pt>
File: fail3.png Graphic file (type png)
 <use fail3.png>
Package pdftex.def Info: fail3.png used on input line 121.
(pdftex.def)             Requested size: 110.66344pt x 99.80385pt.

Overfull \hbox (17.03334pt too wide) in paragraph at lines 118--122
 [][]  [][]  [][]  [][]  
 []

Package atveryend Info: Empty hook `BeforeClearDocument' on input line 133.
[5 <C:/Users/wenqi/Documents/Work/AV/AV-Coursework-3/AV-Coursework2/Report/fail
0.png> <C:/Users/wenqi/Documents/Work/AV/AV-Coursework-3/AV-Coursework2/Report/
fail1.png> <C:/Users/wenqi/Documents/Work/AV/AV-Coursework-3/AV-Coursework2/Rep
ort/fail2.png> <C:/Users/wenqi/Documents/Work/AV/AV-Coursework-3/AV-Coursework2
/Report/fail3.png>]
Package atveryend Info: Empty hook `AfterLastShipout' on input line 133.

(C:\Users\wenqi\Documents\Work\AV\AV-Coursework-3\AV-Coursework2\Report\report.
aux)
Package atveryend Info: Executing hook `AtVeryEndDocument' on input line 133.
Package atveryend Info: Executing hook `AtEndAfterFileList' on input line 133.
Package rerunfilecheck Info: File `report.out' has not changed.
(rerunfilecheck)             Checksum: DD9026E544EBF924B9290FB900FEBA3C;687.
 ) 
Here is how much of TeX's memory you used:
 6751 strings out of 494045
 102200 string characters out of 3145970
 184475 words of memory out of 3000000
 9936 multiletter control sequences out of 15000+200000
 9514 words of font info for 34 fonts, out of 3000000 for 9000
 715 hyphenation exceptions out of 8191
 44i,9n,46p,1029b,381s stack positions out of 5000i,500n,10000p,200000b,50000s
<C:/Program Files (x86)/MiKTeX 2.9/fonts/type1/public/amsfonts/cm/cmbx10.pfb>
<C:/Program Files (x86)/MiKTeX 2.9/fonts/type1/public/amsfonts/cm/cmbx12.pfb><C
:/Program Files (x86)/MiKTeX 2.9/fonts/type1/public/amsfonts/cm/cmr10.pfb><C:/P
rogram Files (x86)/MiKTeX 2.9/fonts/type1/public/amsfonts/cm/cmr12.pfb><C:/Prog
ram Files (x86)/MiKTeX 2.9/fonts/type1/public/amsfonts/cm/cmr17.pfb><C:/Program
 Files (x86)/MiKTeX 2.9/fonts/type1/public/amsfonts/cm/cmr9.pfb><C:/Program Fil
es (x86)/MiKTeX 2.9/fonts/type1/public/amsfonts/cm/cmti10.pfb>
Output written on report.pdf (5 pages, 6806608 bytes).
PDF statistics:
 181 PDF objects out of 1000 (max. 8388607)
 41 named destinations out of 1000 (max. 500000)
 184 words of extra memory for PDF output out of 10000 (max. 10000000)

